;  LST file generated by mikroListExporter - v.2.0 
; Date/Time: 1/3/2024 11:32:11 PM
;----------------------------------------------

;Address Opcode 	ASM
0x0000	0x2A50      	GOTO       592
_Delay_1us:
;__Lib_Delays.c,7 :: 		void Delay_1us() {
;__Lib_Delays.c,8 :: 		Delay_us(1);
0x0003	0x0000      	NOP
0x0004	0x0000      	NOP
;__Lib_Delays.c,9 :: 		}
L_end_Delay_1us:
0x0005	0x0008      	RETURN
; end of _Delay_1us
_Delay_50us:
;__Lib_Delays.c,19 :: 		void Delay_50us() {
;__Lib_Delays.c,20 :: 		Delay_us(50);
0x0006	0x3021      	MOVLW      33
0x0007	0x1283      	BCF        STATUS, 5
0x0008	0x1303      	BCF        STATUS, 6
0x0009	0x00FD      	MOVWF      R13
L_Delay_50us2:
0x000A	0x0BFD      	DECFSZ     R13, 1
0x000B	0x280A      	GOTO       L_Delay_50us2
;__Lib_Delays.c,21 :: 		}
L_end_Delay_50us:
0x000C	0x0008      	RETURN
; end of _Delay_50us
_Delay_5500us:
;__Lib_Delays.c,31 :: 		void Delay_5500us() {
;__Lib_Delays.c,32 :: 		Delay_us(5500);
0x000D	0x300F      	MOVLW      15
0x000E	0x1283      	BCF        STATUS, 5
0x000F	0x1303      	BCF        STATUS, 6
0x0010	0x00FC      	MOVWF      R12
0x0011	0x3047      	MOVLW      71
0x0012	0x00FD      	MOVWF      R13
L_Delay_5500us5:
0x0013	0x0BFD      	DECFSZ     R13, 1
0x0014	0x2813      	GOTO       L_Delay_5500us5
0x0015	0x0BFC      	DECFSZ     R12, 1
0x0016	0x2813      	GOTO       L_Delay_5500us5
0x0017	0x0000      	NOP
0x0018	0x0000      	NOP
;__Lib_Delays.c,33 :: 		}
L_end_Delay_5500us:
0x0019	0x0008      	RETURN
; end of _Delay_5500us
_Lcd_Cmd:
;__Lib_Lcd.c,18 :: 		
;__Lib_Lcd.c,20 :: 		
0x001A	0x1283      	BCF        STATUS, 5
0x001B	0x1703      	BSF        STATUS, 6
0x001C	0x1BAB      	BTFSC      FARG_Lcd_Cmd_out_char, 7
0x001D	0x2820      	GOTO       L__Lcd_Cmd21
0x001E	0x1186      	BCF        LCD_D7, BitPos(LCD_D7+0)
0x001F	0x2821      	GOTO       L__Lcd_Cmd22
L__Lcd_Cmd21:
0x0020	0x1586      	BSF        LCD_D7, BitPos(LCD_D7+0)
L__Lcd_Cmd22:
;__Lib_Lcd.c,21 :: 		
0x0021	0x1B2B      	BTFSC      FARG_Lcd_Cmd_out_char, 6
0x0022	0x2825      	GOTO       L__Lcd_Cmd23
0x0023	0x1106      	BCF        LCD_D6, BitPos(LCD_D6+0)
0x0024	0x2826      	GOTO       L__Lcd_Cmd24
L__Lcd_Cmd23:
0x0025	0x1506      	BSF        LCD_D6, BitPos(LCD_D6+0)
L__Lcd_Cmd24:
;__Lib_Lcd.c,22 :: 		
0x0026	0x1AAB      	BTFSC      FARG_Lcd_Cmd_out_char, 5
0x0027	0x282A      	GOTO       L__Lcd_Cmd25
0x0028	0x1086      	BCF        LCD_D5, BitPos(LCD_D5+0)
0x0029	0x282B      	GOTO       L__Lcd_Cmd26
L__Lcd_Cmd25:
0x002A	0x1486      	BSF        LCD_D5, BitPos(LCD_D5+0)
L__Lcd_Cmd26:
;__Lib_Lcd.c,23 :: 		
0x002B	0x1A2B      	BTFSC      FARG_Lcd_Cmd_out_char, 4
0x002C	0x282F      	GOTO       L__Lcd_Cmd27
0x002D	0x1006      	BCF        LCD_D4, BitPos(LCD_D4+0)
0x002E	0x2830      	GOTO       L__Lcd_Cmd28
L__Lcd_Cmd27:
0x002F	0x1406      	BSF        LCD_D4, BitPos(LCD_D4+0)
L__Lcd_Cmd28:
;__Lib_Lcd.c,25 :: 		
0x0030	0x1303      	BCF        STATUS, 6
0x0031	0x186D      	BTFSC      __Lib_Lcd_cmd_status, BitPos(__Lib_Lcd_cmd_status+0)
0x0032	0x2835      	GOTO       L__Lcd_Cmd29
0x0033	0x1606      	BSF        LCD_RS, BitPos(LCD_RS+0)
0x0034	0x2836      	GOTO       L__Lcd_Cmd30
L__Lcd_Cmd29:
0x0035	0x1206      	BCF        LCD_RS, BitPos(LCD_RS+0)
L__Lcd_Cmd30:
;__Lib_Lcd.c,28 :: 		
0x0036	0x1686      	BSF        LCD_EN, BitPos(LCD_EN+0)
;__Lib_Lcd.c,29 :: 		
0x0037	0x2003      	CALL       _Delay_1us
;__Lib_Lcd.c,30 :: 		
0x0038	0x1286      	BCF        LCD_EN, BitPos(LCD_EN+0)
;__Lib_Lcd.c,33 :: 		
0x0039	0x1703      	BSF        STATUS, 6
0x003A	0x19AB      	BTFSC      FARG_Lcd_Cmd_out_char, 3
0x003B	0x283E      	GOTO       L__Lcd_Cmd31
0x003C	0x1186      	BCF        LCD_D7, BitPos(LCD_D7+0)
0x003D	0x283F      	GOTO       L__Lcd_Cmd32
L__Lcd_Cmd31:
0x003E	0x1586      	BSF        LCD_D7, BitPos(LCD_D7+0)
L__Lcd_Cmd32:
;__Lib_Lcd.c,34 :: 		
0x003F	0x192B      	BTFSC      FARG_Lcd_Cmd_out_char, 2
0x0040	0x2843      	GOTO       L__Lcd_Cmd33
0x0041	0x1106      	BCF        LCD_D6, BitPos(LCD_D6+0)
0x0042	0x2844      	GOTO       L__Lcd_Cmd34
L__Lcd_Cmd33:
0x0043	0x1506      	BSF        LCD_D6, BitPos(LCD_D6+0)
L__Lcd_Cmd34:
;__Lib_Lcd.c,35 :: 		
0x0044	0x18AB      	BTFSC      FARG_Lcd_Cmd_out_char, 1
0x0045	0x2848      	GOTO       L__Lcd_Cmd35
0x0046	0x1086      	BCF        LCD_D5, BitPos(LCD_D5+0)
0x0047	0x2849      	GOTO       L__Lcd_Cmd36
L__Lcd_Cmd35:
0x0048	0x1486      	BSF        LCD_D5, BitPos(LCD_D5+0)
L__Lcd_Cmd36:
;__Lib_Lcd.c,36 :: 		
0x0049	0x182B      	BTFSC      FARG_Lcd_Cmd_out_char, 0
0x004A	0x284D      	GOTO       L__Lcd_Cmd37
0x004B	0x1006      	BCF        LCD_D4, BitPos(LCD_D4+0)
0x004C	0x284E      	GOTO       L__Lcd_Cmd38
L__Lcd_Cmd37:
0x004D	0x1406      	BSF        LCD_D4, BitPos(LCD_D4+0)
L__Lcd_Cmd38:
;__Lib_Lcd.c,38 :: 		
0x004E	0x1303      	BCF        STATUS, 6
0x004F	0x186D      	BTFSC      __Lib_Lcd_cmd_status, BitPos(__Lib_Lcd_cmd_status+0)
0x0050	0x2853      	GOTO       L__Lcd_Cmd39
0x0051	0x1606      	BSF        LCD_RS, BitPos(LCD_RS+0)
0x0052	0x2854      	GOTO       L__Lcd_Cmd40
L__Lcd_Cmd39:
0x0053	0x1206      	BCF        LCD_RS, BitPos(LCD_RS+0)
L__Lcd_Cmd40:
;__Lib_Lcd.c,40 :: 		
0x0054	0x1686      	BSF        LCD_EN, BitPos(LCD_EN+0)
;__Lib_Lcd.c,41 :: 		
0x0055	0x2003      	CALL       _Delay_1us
;__Lib_Lcd.c,42 :: 		
0x0056	0x1286      	BCF        LCD_EN, BitPos(LCD_EN+0)
;__Lib_Lcd.c,44 :: 		
0x0057	0x1C6D      	BTFSS      __Lib_Lcd_cmd_status, BitPos(__Lib_Lcd_cmd_status+0)
0x0058	0x285B      	GOTO       L_Lcd_Cmd0
;__Lib_Lcd.c,45 :: 		
0x0059	0x200D      	CALL       _Delay_5500us
0x005A	0x285C      	GOTO       L_Lcd_Cmd1
L_Lcd_Cmd0:
;__Lib_Lcd.c,47 :: 		
0x005B	0x2006      	CALL       _Delay_50us
L_Lcd_Cmd1:
;__Lib_Lcd.c,48 :: 		
L_end_Lcd_Cmd:
0x005C	0x0008      	RETURN
; end of _Lcd_Cmd
_Lcd_Chr_CP:
;__Lib_Lcd.c,50 :: 		
;__Lib_Lcd.c,52 :: 		
0x005D	0x1283      	BCF        STATUS, 5
0x005E	0x1303      	BCF        STATUS, 6
0x005F	0x106D      	BCF        __Lib_Lcd_cmd_status, BitPos(__Lib_Lcd_cmd_status+0)
;__Lib_Lcd.c,53 :: 		
0x0060	0x1703      	BSF        STATUS, 6
0x0061	0x082A      	MOVF       FARG_Lcd_Chr_CP_out_char, 0
0x0062	0x00AB      	MOVWF      FARG_Lcd_Cmd_out_char
0x0063	0x201A      	CALL       _Lcd_Cmd
;__Lib_Lcd.c,54 :: 		
0x0064	0x146D      	BSF        __Lib_Lcd_cmd_status, BitPos(__Lib_Lcd_cmd_status+0)
;__Lib_Lcd.c,55 :: 		
L_end_Lcd_Chr_CP:
0x0065	0x0008      	RETURN
; end of _Lcd_Chr_CP
_Lcd_Out:
;__Lib_Lcd.c,184 :: 		
;__Lib_Lcd.c,187 :: 		
0x0066	0x2878      	GOTO       L_Lcd_Out11
;__Lib_Lcd.c,188 :: 		
L_Lcd_Out13:
0x0067	0x3080      	MOVLW      128
0x0068	0x1283      	BCF        STATUS, 5
0x0069	0x1703      	BSF        STATUS, 6
0x006A	0x00A6      	MOVWF      FARG_Lcd_Out_row
0x006B	0x288B      	GOTO       L_Lcd_Out12
;__Lib_Lcd.c,189 :: 		
L_Lcd_Out14:
0x006C	0x30C0      	MOVLW      192
0x006D	0x00A6      	MOVWF      FARG_Lcd_Out_row
0x006E	0x288B      	GOTO       L_Lcd_Out12
;__Lib_Lcd.c,190 :: 		
L_Lcd_Out15:
0x006F	0x3094      	MOVLW      148
0x0070	0x00A6      	MOVWF      FARG_Lcd_Out_row
0x0071	0x288B      	GOTO       L_Lcd_Out12
;__Lib_Lcd.c,191 :: 		
L_Lcd_Out16:
0x0072	0x30D4      	MOVLW      212
0x0073	0x00A6      	MOVWF      FARG_Lcd_Out_row
0x0074	0x288B      	GOTO       L_Lcd_Out12
;__Lib_Lcd.c,192 :: 		
L_Lcd_Out17:
0x0075	0x3080      	MOVLW      128
0x0076	0x00A6      	MOVWF      FARG_Lcd_Out_row
;__Lib_Lcd.c,193 :: 		
0x0077	0x288B      	GOTO       L_Lcd_Out12
L_Lcd_Out11:
0x0078	0x1283      	BCF        STATUS, 5
0x0079	0x1703      	BSF        STATUS, 6
0x007A	0x0826      	MOVF       FARG_Lcd_Out_row, 0
0x007B	0x3A01      	XORLW      1
0x007C	0x1903      	BTFSC      STATUS, 2
0x007D	0x2867      	GOTO       L_Lcd_Out13
0x007E	0x0826      	MOVF       FARG_Lcd_Out_row, 0
0x007F	0x3A02      	XORLW      2
0x0080	0x1903      	BTFSC      STATUS, 2
0x0081	0x286C      	GOTO       L_Lcd_Out14
0x0082	0x0826      	MOVF       FARG_Lcd_Out_row, 0
0x0083	0x3A03      	XORLW      3
0x0084	0x1903      	BTFSC      STATUS, 2
0x0085	0x286F      	GOTO       L_Lcd_Out15
0x0086	0x0826      	MOVF       FARG_Lcd_Out_row, 0
0x0087	0x3A04      	XORLW      4
0x0088	0x1903      	BTFSC      STATUS, 2
0x0089	0x2872      	GOTO       L_Lcd_Out16
0x008A	0x2875      	GOTO       L_Lcd_Out17
L_Lcd_Out12:
;__Lib_Lcd.c,194 :: 		
0x008B	0x0327      	DECF       FARG_Lcd_Out_column, 0
0x008C	0x00F0      	MOVWF      R0
0x008D	0x0826      	MOVF       FARG_Lcd_Out_row, 0
0x008E	0x07F0      	ADDWF      R0, 1
0x008F	0x0870      	MOVF       R0, 0
0x0090	0x00A6      	MOVWF      FARG_Lcd_Out_row
;__Lib_Lcd.c,196 :: 		
0x0091	0x0870      	MOVF       R0, 0
0x0092	0x00AB      	MOVWF      FARG_Lcd_Cmd_out_char
0x0093	0x201A      	CALL       _Lcd_Cmd
;__Lib_Lcd.c,197 :: 		
0x0094	0x106D      	BCF        __Lib_Lcd_cmd_status, BitPos(__Lib_Lcd_cmd_status+0)
;__Lib_Lcd.c,198 :: 		
0x0095	0x1703      	BSF        STATUS, 6
0x0096	0x01A9      	CLRF       Lcd_Out_i_L0
;__Lib_Lcd.c,199 :: 		
L_Lcd_Out18:
0x0097	0x0829      	MOVF       Lcd_Out_i_L0, 0
0x0098	0x0728      	ADDWF      FARG_Lcd_Out_text, 0
0x0099	0x0084      	MOVWF      FSR
0x009A	0x0800      	MOVF       INDF, 0
0x009B	0x1903      	BTFSC      STATUS, 2
0x009C	0x28A6      	GOTO       L_Lcd_Out19
;__Lib_Lcd.c,200 :: 		
0x009D	0x0829      	MOVF       Lcd_Out_i_L0, 0
0x009E	0x0728      	ADDWF      FARG_Lcd_Out_text, 0
0x009F	0x0084      	MOVWF      FSR
0x00A0	0x0800      	MOVF       INDF, 0
0x00A1	0x00AA      	MOVWF      FARG_Lcd_Chr_CP_out_char
0x00A2	0x205D      	CALL       _Lcd_Chr_CP
0x00A3	0x1703      	BSF        STATUS, 6
0x00A4	0x0AA9      	INCF       Lcd_Out_i_L0, 1
0x00A5	0x2897      	GOTO       L_Lcd_Out18
L_Lcd_Out19:
;__Lib_Lcd.c,201 :: 		
0x00A6	0x1303      	BCF        STATUS, 6
0x00A7	0x146D      	BSF        __Lib_Lcd_cmd_status, BitPos(__Lib_Lcd_cmd_status+0)
;__Lib_Lcd.c,202 :: 		
L_end_Lcd_Out:
0x00A8	0x0008      	RETURN
; end of _Lcd_Out
_____DoICP:
;__Lib_System.c,6 :: 		
;__Lib_System.c,9 :: 		
0x00A9	0x1283      	BCF        STATUS, 5
0x00AA	0x1303      	BCF        STATUS, 6
0x00AB	0x086B      	MOVF       ___DoICPAddr+1, 0
0x00AC	0x008A      	MOVWF      PCLATH
;__Lib_System.c,10 :: 		
0x00AD	0x086A      	MOVF       ___DoICPAddr, 0
0x00AE	0x0082      	MOVWF      PCL
;__Lib_System.c,12 :: 		
L_end_____DoICP:
0x00AF	0x0008      	RETURN
; end of _____DoICP
_Lcd_Init:
;__Lib_Lcd.c,84 :: 		
;__Lib_Lcd.c,86 :: 		
0x00B0	0x1683      	BSF        STATUS, 5
0x00B1	0x1303      	BCF        STATUS, 6
0x00B2	0x1286      	BCF        LCD_EN_Direction, BitPos(LCD_EN_Direction+0)
;__Lib_Lcd.c,87 :: 		
0x00B3	0x1206      	BCF        LCD_RS_Direction, BitPos(LCD_RS_Direction+0)
;__Lib_Lcd.c,88 :: 		
0x00B4	0x1006      	BCF        LCD_D4_Direction, BitPos(LCD_D4_Direction+0)
;__Lib_Lcd.c,89 :: 		
0x00B5	0x1086      	BCF        LCD_D5_Direction, BitPos(LCD_D5_Direction+0)
;__Lib_Lcd.c,90 :: 		
0x00B6	0x1106      	BCF        LCD_D6_Direction, BitPos(LCD_D6_Direction+0)
;__Lib_Lcd.c,91 :: 		
0x00B7	0x1186      	BCF        LCD_D7_Direction, BitPos(LCD_D7_Direction+0)
;__Lib_Lcd.c,93 :: 		
0x00B8	0x1283      	BCF        STATUS, 5
0x00B9	0x1286      	BCF        LCD_EN, BitPos(LCD_EN+0)
;__Lib_Lcd.c,94 :: 		
0x00BA	0x1206      	BCF        LCD_RS, BitPos(LCD_RS+0)
;__Lib_Lcd.c,95 :: 		
0x00BB	0x1186      	BCF        LCD_D7, BitPos(LCD_D7+0)
;__Lib_Lcd.c,96 :: 		
0x00BC	0x1106      	BCF        LCD_D6, BitPos(LCD_D6+0)
;__Lib_Lcd.c,97 :: 		
0x00BD	0x1086      	BCF        LCD_D5, BitPos(LCD_D5+0)
;__Lib_Lcd.c,98 :: 		
0x00BE	0x1006      	BCF        LCD_D4, BitPos(LCD_D4+0)
;__Lib_Lcd.c,100 :: 		
0x00BF	0x200D      	CALL       _Delay_5500us
;__Lib_Lcd.c,101 :: 		
0x00C0	0x200D      	CALL       _Delay_5500us
;__Lib_Lcd.c,102 :: 		
0x00C1	0x200D      	CALL       _Delay_5500us
;__Lib_Lcd.c,105 :: 		
0x00C2	0x1486      	BSF        LCD_D5, BitPos(LCD_D5+0)
;__Lib_Lcd.c,106 :: 		
0x00C3	0x1406      	BSF        LCD_D4, BitPos(LCD_D4+0)
;__Lib_Lcd.c,107 :: 		
0x00C4	0x1686      	BSF        LCD_EN, BitPos(LCD_EN+0)
;__Lib_Lcd.c,108 :: 		
0x00C5	0x2003      	CALL       _Delay_1us
;__Lib_Lcd.c,109 :: 		
0x00C6	0x1286      	BCF        LCD_EN, BitPos(LCD_EN+0)
;__Lib_Lcd.c,110 :: 		
0x00C7	0x200D      	CALL       _Delay_5500us
;__Lib_Lcd.c,112 :: 		
0x00C8	0x1686      	BSF        LCD_EN, BitPos(LCD_EN+0)
;__Lib_Lcd.c,113 :: 		
0x00C9	0x2003      	CALL       _Delay_1us
;__Lib_Lcd.c,114 :: 		
0x00CA	0x1286      	BCF        LCD_EN, BitPos(LCD_EN+0)
;__Lib_Lcd.c,115 :: 		
0x00CB	0x200D      	CALL       _Delay_5500us
;__Lib_Lcd.c,117 :: 		
0x00CC	0x1686      	BSF        LCD_EN, BitPos(LCD_EN+0)
;__Lib_Lcd.c,118 :: 		
0x00CD	0x2003      	CALL       _Delay_1us
;__Lib_Lcd.c,119 :: 		
0x00CE	0x1286      	BCF        LCD_EN, BitPos(LCD_EN+0)
;__Lib_Lcd.c,120 :: 		
0x00CF	0x200D      	CALL       _Delay_5500us
;__Lib_Lcd.c,123 :: 		
0x00D0	0x1006      	BCF        LCD_D4, BitPos(LCD_D4+0)
;__Lib_Lcd.c,124 :: 		
0x00D1	0x1686      	BSF        LCD_EN, BitPos(LCD_EN+0)
;__Lib_Lcd.c,125 :: 		
0x00D2	0x2003      	CALL       _Delay_1us
;__Lib_Lcd.c,126 :: 		
0x00D3	0x1286      	BCF        LCD_EN, BitPos(LCD_EN+0)
;__Lib_Lcd.c,127 :: 		
0x00D4	0x200D      	CALL       _Delay_5500us
;__Lib_Lcd.c,130 :: 		
0x00D5	0x1686      	BSF        LCD_EN, BitPos(LCD_EN+0)
;__Lib_Lcd.c,131 :: 		
0x00D6	0x2003      	CALL       _Delay_1us
;__Lib_Lcd.c,132 :: 		
0x00D7	0x1286      	BCF        LCD_EN, BitPos(LCD_EN+0)
;__Lib_Lcd.c,134 :: 		
0x00D8	0x1086      	BCF        LCD_D5, BitPos(LCD_D5+0)
;__Lib_Lcd.c,135 :: 		
0x00D9	0x1586      	BSF        LCD_D7, BitPos(LCD_D7+0)
;__Lib_Lcd.c,136 :: 		
0x00DA	0x1686      	BSF        LCD_EN, BitPos(LCD_EN+0)
;__Lib_Lcd.c,137 :: 		
0x00DB	0x2003      	CALL       _Delay_1us
;__Lib_Lcd.c,138 :: 		
0x00DC	0x1286      	BCF        LCD_EN, BitPos(LCD_EN+0)
;__Lib_Lcd.c,139 :: 		
0x00DD	0x200D      	CALL       _Delay_5500us
;__Lib_Lcd.c,142 :: 		
0x00DE	0x1186      	BCF        LCD_D7, BitPos(LCD_D7+0)
;__Lib_Lcd.c,143 :: 		
0x00DF	0x1406      	BSF        LCD_D4, BitPos(LCD_D4+0)
;__Lib_Lcd.c,144 :: 		
0x00E0	0x1686      	BSF        LCD_EN, BitPos(LCD_EN+0)
;__Lib_Lcd.c,145 :: 		
0x00E1	0x2003      	CALL       _Delay_1us
;__Lib_Lcd.c,146 :: 		
0x00E2	0x1286      	BCF        LCD_EN, BitPos(LCD_EN+0)
;__Lib_Lcd.c,148 :: 		
0x00E3	0x1006      	BCF        LCD_D4, BitPos(LCD_D4+0)
;__Lib_Lcd.c,149 :: 		
0x00E4	0x1686      	BSF        LCD_EN, BitPos(LCD_EN+0)
;__Lib_Lcd.c,150 :: 		
0x00E5	0x2003      	CALL       _Delay_1us
;__Lib_Lcd.c,151 :: 		
0x00E6	0x1286      	BCF        LCD_EN, BitPos(LCD_EN+0)
;__Lib_Lcd.c,152 :: 		
0x00E7	0x200D      	CALL       _Delay_5500us
;__Lib_Lcd.c,155 :: 		
0x00E8	0x1686      	BSF        LCD_EN, BitPos(LCD_EN+0)
;__Lib_Lcd.c,156 :: 		
0x00E9	0x2003      	CALL       _Delay_1us
;__Lib_Lcd.c,157 :: 		
0x00EA	0x1286      	BCF        LCD_EN, BitPos(LCD_EN+0)
;__Lib_Lcd.c,159 :: 		
0x00EB	0x1406      	BSF        LCD_D4, BitPos(LCD_D4+0)
;__Lib_Lcd.c,160 :: 		
0x00EC	0x1686      	BSF        LCD_EN, BitPos(LCD_EN+0)
;__Lib_Lcd.c,161 :: 		
0x00ED	0x2003      	CALL       _Delay_1us
;__Lib_Lcd.c,162 :: 		
0x00EE	0x1286      	BCF        LCD_EN, BitPos(LCD_EN+0)
;__Lib_Lcd.c,163 :: 		
0x00EF	0x200D      	CALL       _Delay_5500us
;__Lib_Lcd.c,166 :: 		
0x00F0	0x1006      	BCF        LCD_D4, BitPos(LCD_D4+0)
;__Lib_Lcd.c,167 :: 		
0x00F1	0x1686      	BSF        LCD_EN, BitPos(LCD_EN+0)
;__Lib_Lcd.c,168 :: 		
0x00F2	0x2003      	CALL       _Delay_1us
;__Lib_Lcd.c,169 :: 		
0x00F3	0x1286      	BCF        LCD_EN, BitPos(LCD_EN+0)
;__Lib_Lcd.c,171 :: 		
0x00F4	0x1586      	BSF        LCD_D7, BitPos(LCD_D7+0)
;__Lib_Lcd.c,172 :: 		
0x00F5	0x1506      	BSF        LCD_D6, BitPos(LCD_D6+0)
;__Lib_Lcd.c,173 :: 		
0x00F6	0x1486      	BSF        LCD_D5, BitPos(LCD_D5+0)
;__Lib_Lcd.c,174 :: 		
0x00F7	0x1406      	BSF        LCD_D4, BitPos(LCD_D4+0)
;__Lib_Lcd.c,175 :: 		
0x00F8	0x1686      	BSF        LCD_EN, BitPos(LCD_EN+0)
;__Lib_Lcd.c,176 :: 		
0x00F9	0x2003      	CALL       _Delay_1us
;__Lib_Lcd.c,177 :: 		
0x00FA	0x1286      	BCF        LCD_EN, BitPos(LCD_EN+0)
;__Lib_Lcd.c,179 :: 		
0x00FB	0x200D      	CALL       _Delay_5500us
;__Lib_Lcd.c,181 :: 		
0x00FC	0x146D      	BSF        __Lib_Lcd_cmd_status, BitPos(__Lib_Lcd_cmd_status+0)
;__Lib_Lcd.c,182 :: 		
L_end_Lcd_Init:
0x00FD	0x0008      	RETURN
; end of _Lcd_Init
_Password_prompt:
;MyProject.c,26 :: 		void Password_prompt(){
;MyProject.c,27 :: 		Lcd_Cmd(_LCD_CLEAR);                     // Clear display
0x00FE	0x3001      	MOVLW      1
0x00FF	0x1283      	BCF        STATUS, 5
0x0100	0x1703      	BSF        STATUS, 6
0x0101	0x00AB      	MOVWF      FARG_Lcd_Cmd_out_char
0x0102	0x201A      	CALL       _Lcd_Cmd
;MyProject.c,28 :: 		Lcd_Out(1, 1, "Motor is Off");
0x0103	0x3001      	MOVLW      1
0x0104	0x1703      	BSF        STATUS, 6
0x0105	0x00A6      	MOVWF      FARG_Lcd_Out_row
0x0106	0x3001      	MOVLW      1
0x0107	0x00A7      	MOVWF      FARG_Lcd_Out_column
0x0108	0x3044      	MOVLW      ?lstr1_MyProject
0x0109	0x00A8      	MOVWF      FARG_Lcd_Out_text
0x010A	0x2066      	CALL       _Lcd_Out
;MyProject.c,29 :: 		Lcd_Out(2,1,"and Locked");
0x010B	0x3002      	MOVLW      2
0x010C	0x1703      	BSF        STATUS, 6
0x010D	0x00A6      	MOVWF      FARG_Lcd_Out_row
0x010E	0x3001      	MOVLW      1
0x010F	0x00A7      	MOVWF      FARG_Lcd_Out_column
0x0110	0x3020      	MOVLW      ?lstr2_MyProject
0x0111	0x00A8      	MOVWF      FARG_Lcd_Out_text
0x0112	0x2066      	CALL       _Lcd_Out
;MyProject.c,30 :: 		Delay_ms(1000);
0x0113	0x300B      	MOVLW      11
0x0114	0x00FB      	MOVWF      R11
0x0115	0x3026      	MOVLW      38
0x0116	0x00FC      	MOVWF      R12
0x0117	0x305D      	MOVLW      93
0x0118	0x00FD      	MOVWF      R13
L_Password_prompt0:
0x0119	0x0BFD      	DECFSZ     R13, 1
0x011A	0x2919      	GOTO       L_Password_prompt0
0x011B	0x0BFC      	DECFSZ     R12, 1
0x011C	0x2919      	GOTO       L_Password_prompt0
0x011D	0x0BFB      	DECFSZ     R11, 1
0x011E	0x2919      	GOTO       L_Password_prompt0
0x011F	0x0000      	NOP
0x0120	0x0000      	NOP
;MyProject.c,32 :: 		Lcd_Cmd(_LCD_CLEAR);                     // Clear display
0x0121	0x3001      	MOVLW      1
0x0122	0x1703      	BSF        STATUS, 6
0x0123	0x00AB      	MOVWF      FARG_Lcd_Cmd_out_char
0x0124	0x201A      	CALL       _Lcd_Cmd
;MyProject.c,33 :: 		Lcd_Out(1, 1, "Enter 6 digit no:");
0x0125	0x3001      	MOVLW      1
0x0126	0x1703      	BSF        STATUS, 6
0x0127	0x00A6      	MOVWF      FARG_Lcd_Out_row
0x0128	0x3001      	MOVLW      1
0x0129	0x00A7      	MOVWF      FARG_Lcd_Out_column
0x012A	0x3032      	MOVLW      ?lstr3_MyProject
0x012B	0x00A8      	MOVWF      FARG_Lcd_Out_text
0x012C	0x2066      	CALL       _Lcd_Out
;MyProject.c,35 :: 		Lcd_Cmd(_LCD_BLINK_CURSOR_ON);                // Cursor off
0x012D	0x300F      	MOVLW      15
0x012E	0x1703      	BSF        STATUS, 6
0x012F	0x00AB      	MOVWF      FARG_Lcd_Cmd_out_char
0x0130	0x201A      	CALL       _Lcd_Cmd
;MyProject.c,36 :: 		Lcd_Cmd(_LCD_SECOND_ROW);
0x0131	0x30C0      	MOVLW      192
0x0132	0x1703      	BSF        STATUS, 6
0x0133	0x00AB      	MOVWF      FARG_Lcd_Cmd_out_char
0x0134	0x201A      	CALL       _Lcd_Cmd
;MyProject.c,37 :: 		}
L_end_Password_prompt:
0x0135	0x0008      	RETURN
; end of _Password_prompt
_Keypad_Init:
;__Lib_Keypad4x4.c,34 :: 		
;__Lib_Keypad4x4.c,35 :: 		
0x0136	0x3080      	MOVLW      128
0x0137	0x1283      	BCF        STATUS, 5
0x0138	0x1303      	BCF        STATUS, 6
0x0139	0x00F0      	MOVWF      R0
0x013A	0x0870      	MOVF       R0, 0
0x013B	0x3E08      	ADDLW      keypadPort
0x013C	0x0084      	MOVWF      FSR
0x013D	0x30FF      	MOVLW      255
0x013E	0x0080      	MOVWF      INDF
;__Lib_Keypad4x4.c,36 :: 		
L_end_Keypad_Init:
0x013F	0x0008      	RETURN
; end of _Keypad_Init
_Delay_10us:
;__Lib_Delays.c,11 :: 		void Delay_10us() {
;__Lib_Delays.c,12 :: 		Delay_us(10);
0x0140	0x3006      	MOVLW      6
0x0141	0x1283      	BCF        STATUS, 5
0x0142	0x1303      	BCF        STATUS, 6
0x0143	0x00FD      	MOVWF      R13
L_Delay_10us0:
0x0144	0x0BFD      	DECFSZ     R13, 1
0x0145	0x2944      	GOTO       L_Delay_10us0
0x0146	0x0000      	NOP
;__Lib_Delays.c,13 :: 		}
L_end_Delay_10us:
0x0147	0x0008      	RETURN
; end of _Delay_10us
_me:
;MyProject.c,57 :: 		int me(char a[],char g[]){
;MyProject.c,58 :: 		int i=0;
0x0148	0x1283      	BCF        STATUS, 5
0x0149	0x1703      	BSF        STATUS, 6
0x014A	0x01A3      	CLRF       me_i_L0
0x014B	0x01A4      	CLRF       me_i_L0+1
;MyProject.c,59 :: 		for(i;i<6;i++){
L_me2:
0x014C	0x3080      	MOVLW      128
0x014D	0x0624      	XORWF      me_i_L0+1, 0
0x014E	0x00F0      	MOVWF      R0
0x014F	0x3080      	MOVLW      128
0x0150	0x0270      	SUBWF      R0, 0
0x0151	0x1D03      	BTFSS      STATUS, 2
0x0152	0x2955      	GOTO       L__me43
0x0153	0x3006      	MOVLW      6
0x0154	0x0223      	SUBWF      me_i_L0, 0
L__me43:
0x0155	0x1803      	BTFSC      STATUS, 0
0x0156	0x2972      	GOTO       L_me3
;MyProject.c,60 :: 		if(a[i]!=g[i]){
0x0157	0x0823      	MOVF       me_i_L0, 0
0x0158	0x1683      	BSF        STATUS, 5
0x0159	0x1303      	BCF        STATUS, 6
0x015A	0x076E      	ADDWF      FARG_me_a, 0
0x015B	0x0084      	MOVWF      FSR
0x015C	0x0800      	MOVF       INDF, 0
0x015D	0x00F1      	MOVWF      R1
0x015E	0x1283      	BCF        STATUS, 5
0x015F	0x1703      	BSF        STATUS, 6
0x0160	0x0823      	MOVF       me_i_L0, 0
0x0161	0x1683      	BSF        STATUS, 5
0x0162	0x1303      	BCF        STATUS, 6
0x0163	0x076F      	ADDWF      FARG_me_g, 0
0x0164	0x0084      	MOVWF      FSR
0x0165	0x0871      	MOVF       R1, 0
0x0166	0x0600      	XORWF      INDF, 0
0x0167	0x1903      	BTFSC      STATUS, 2
0x0168	0x296C      	GOTO       L_me5
;MyProject.c,61 :: 		return 0;
0x0169	0x01F0      	CLRF       R0
0x016A	0x01F1      	CLRF       R0+1
0x016B	0x2976      	GOTO       L_end_me
;MyProject.c,62 :: 		}
L_me5:
;MyProject.c,59 :: 		for(i;i<6;i++){
0x016C	0x1283      	BCF        STATUS, 5
0x016D	0x1703      	BSF        STATUS, 6
0x016E	0x0AA3      	INCF       me_i_L0, 1
0x016F	0x1903      	BTFSC      STATUS, 2
0x0170	0x0AA4      	INCF       me_i_L0+1, 1
;MyProject.c,63 :: 		}
0x0171	0x294C      	GOTO       L_me2
L_me3:
;MyProject.c,64 :: 		return 1;
0x0172	0x3001      	MOVLW      1
0x0173	0x00F0      	MOVWF      R0
0x0174	0x3000      	MOVLW      0
0x0175	0x00F1      	MOVWF      R0+1
;MyProject.c,65 :: 		}
L_end_me:
0x0176	0x0008      	RETURN
; end of _me
_Keypad_Key_Press:
;__Lib_Keypad4x4.c,39 :: 		
;__Lib_Keypad4x4.c,43 :: 		
0x0177	0x1683      	BSF        STATUS, 5
0x0178	0x1303      	BCF        STATUS, 6
0x0179	0x01EE      	CLRF       Keypad_Key_Press_rslt_L0
;__Lib_Keypad4x4.c,44 :: 		
0x017A	0x1283      	BCF        STATUS, 5
0x017B	0x1703      	BSF        STATUS, 6
0x017C	0x01A3      	CLRF       Keypad_Key_Press_loc_L0
;__Lib_Keypad4x4.c,45 :: 		
0x017D	0x01A4      	CLRF       Keypad_Key_Press_rowcnt_L0
;__Lib_Keypad4x4.c,46 :: 		
0x017E	0x3010      	MOVLW      16
0x017F	0x00A5      	MOVWF      Keypad_Key_Press_shifter_L0
;__Lib_Keypad4x4.c,48 :: 		
L_Keypad_Key_Press0:
0x0180	0x3004      	MOVLW      4
0x0181	0x0224      	SUBWF      Keypad_Key_Press_rowcnt_L0, 0
0x0182	0x1803      	BTFSC      STATUS, 0
0x0183	0x29B6      	GOTO       L_Keypad_Key_Press1
;__Lib_Keypad4x4.c,50 :: 		
0x0184	0x30F0      	MOVLW      240
0x0185	0x1303      	BCF        STATUS, 6
0x0186	0x0088      	MOVWF      keypadPort
;__Lib_Keypad4x4.c,51 :: 		
0x0187	0x3080      	MOVLW      128
0x0188	0x00F0      	MOVWF      R0
0x0189	0x0870      	MOVF       R0, 0
0x018A	0x3E08      	ADDLW      keypadPort
0x018B	0x0084      	MOVWF      FSR
0x018C	0x1703      	BSF        STATUS, 6
0x018D	0x0925      	COMF       Keypad_Key_Press_shifter_L0, 0
0x018E	0x00F0      	MOVWF      R0
0x018F	0x0870      	MOVF       R0, 0
0x0190	0x0080      	MOVWF      INDF
;__Lib_Keypad4x4.c,55 :: 		
0x0191	0x2003      	CALL       _Delay_1us
;__Lib_Keypad4x4.c,56 :: 		
0x0192	0x2003      	CALL       _Delay_1us
;__Lib_Keypad4x4.c,57 :: 		
0x0193	0x300F      	MOVLW      15
0x0194	0x1303      	BCF        STATUS, 6
0x0195	0x0508      	ANDWF      keypadPort, 0
0x0196	0x00F0      	MOVWF      R0
0x0197	0x0870      	MOVF       R0, 0
0x0198	0x1683      	BSF        STATUS, 5
0x0199	0x00EF      	MOVWF      Keypad_Key_Press_kdata_L0
;__Lib_Keypad4x4.c,58 :: 		
0x019A	0x0870      	MOVF       R0, 0
0x019B	0x1903      	BTFSC      STATUS, 2
0x019C	0x29AE      	GOTO       L_Keypad_Key_Press2
;__Lib_Keypad4x4.c,60 :: 		
0x019D	0x1283      	BCF        STATUS, 5
0x019E	0x1703      	BSF        STATUS, 6
0x019F	0x0823      	MOVF       Keypad_Key_Press_loc_L0, 0
0x01A0	0x1683      	BSF        STATUS, 5
0x01A1	0x1303      	BCF        STATUS, 6
0x01A2	0x00EE      	MOVWF      Keypad_Key_Press_rslt_L0
;__Lib_Keypad4x4.c,61 :: 		
L_Keypad_Key_Press3:
0x01A3	0x086F      	MOVF       Keypad_Key_Press_kdata_L0, 0
0x01A4	0x1903      	BTFSC      STATUS, 2
0x01A5	0x29AA      	GOTO       L_Keypad_Key_Press4
;__Lib_Keypad4x4.c,62 :: 		
0x01A6	0x0CEF      	RRF        Keypad_Key_Press_kdata_L0, 1
0x01A7	0x13EF      	BCF        Keypad_Key_Press_kdata_L0, 7
;__Lib_Keypad4x4.c,63 :: 		
0x01A8	0x0AEE      	INCF       Keypad_Key_Press_rslt_L0, 1
;__Lib_Keypad4x4.c,64 :: 		
0x01A9	0x29A3      	GOTO       L_Keypad_Key_Press3
L_Keypad_Key_Press4:
;__Lib_Keypad4x4.c,66 :: 		
0x01AA	0x3004      	MOVLW      4
0x01AB	0x1283      	BCF        STATUS, 5
0x01AC	0x1703      	BSF        STATUS, 6
0x01AD	0x00A4      	MOVWF      Keypad_Key_Press_rowcnt_L0
;__Lib_Keypad4x4.c,67 :: 		
L_Keypad_Key_Press2:
0x01AE	0x1283      	BCF        STATUS, 5
0x01AF	0x1703      	BSF        STATUS, 6
;__Lib_Keypad4x4.c,68 :: 		
0x01B0	0x0DA5      	RLF        Keypad_Key_Press_shifter_L0, 1
0x01B1	0x1025      	BCF        Keypad_Key_Press_shifter_L0, 0
;__Lib_Keypad4x4.c,69 :: 		
0x01B2	0x3004      	MOVLW      4
0x01B3	0x07A3      	ADDWF      Keypad_Key_Press_loc_L0, 1
;__Lib_Keypad4x4.c,70 :: 		
0x01B4	0x0AA4      	INCF       Keypad_Key_Press_rowcnt_L0, 1
;__Lib_Keypad4x4.c,71 :: 		
0x01B5	0x2980      	GOTO       L_Keypad_Key_Press0
L_Keypad_Key_Press1:
;__Lib_Keypad4x4.c,73 :: 		
0x01B6	0x1683      	BSF        STATUS, 5
0x01B7	0x1303      	BCF        STATUS, 6
0x01B8	0x086E      	MOVF       Keypad_Key_Press_rslt_L0, 0
0x01B9	0x00F0      	MOVWF      R0
;__Lib_Keypad4x4.c,74 :: 		
L_end_Keypad_Key_Press:
0x01BA	0x0008      	RETURN
; end of _Keypad_Key_Press
_Check_password:
;MyProject.c,68 :: 		int Check_password(){
;MyProject.c,70 :: 		Lcd_Cmd(_LCD_CLEAR);
0x01BB	0x3001      	MOVLW      1
0x01BC	0x1283      	BCF        STATUS, 5
0x01BD	0x1703      	BSF        STATUS, 6
0x01BE	0x00AB      	MOVWF      FARG_Lcd_Cmd_out_char
0x01BF	0x201A      	CALL       _Lcd_Cmd
;MyProject.c,71 :: 		if(me(actual_password, given_password)==1){
0x01C0	0x302B      	MOVLW      _actual_password
0x01C1	0x1683      	BSF        STATUS, 5
0x01C2	0x00EE      	MOVWF      FARG_me_a
0x01C3	0x30DB      	MOVLW      _given_password
0x01C4	0x00EF      	MOVWF      FARG_me_g
0x01C5	0x2148      	CALL       _me
0x01C6	0x3000      	MOVLW      0
0x01C7	0x1283      	BCF        STATUS, 5
0x01C8	0x1303      	BCF        STATUS, 6
0x01C9	0x0671      	XORWF      R0+1, 0
0x01CA	0x1D03      	BTFSS      STATUS, 2
0x01CB	0x29CE      	GOTO       L__Check_password45
0x01CC	0x3001      	MOVLW      1
0x01CD	0x0670      	XORWF      R0, 0
L__Check_password45:
0x01CE	0x1D03      	BTFSS      STATUS, 2
0x01CF	0x29E5      	GOTO       L_Check_password6
;MyProject.c,72 :: 		Lcd_Out(1, 1, "Password Matched");
0x01D0	0x3001      	MOVLW      1
0x01D1	0x1703      	BSF        STATUS, 6
0x01D2	0x00A6      	MOVWF      FARG_Lcd_Out_row
0x01D3	0x3001      	MOVLW      1
0x01D4	0x00A7      	MOVWF      FARG_Lcd_Out_column
0x01D5	0x30CA      	MOVLW      ?lstr6_MyProject
0x01D6	0x00A8      	MOVWF      FARG_Lcd_Out_text
0x01D7	0x2066      	CALL       _Lcd_Out
;MyProject.c,73 :: 		Lcd_Out(2,1,"Motor is on");
0x01D8	0x3002      	MOVLW      2
0x01D9	0x1703      	BSF        STATUS, 6
0x01DA	0x00A6      	MOVWF      FARG_Lcd_Out_row
0x01DB	0x3001      	MOVLW      1
0x01DC	0x00A7      	MOVWF      FARG_Lcd_Out_column
0x01DD	0x30BE      	MOVLW      ?lstr7_MyProject
0x01DE	0x00A8      	MOVWF      FARG_Lcd_Out_text
0x01DF	0x2066      	CALL       _Lcd_Out
;MyProject.c,75 :: 		return 1;
0x01E0	0x3001      	MOVLW      1
0x01E1	0x00F0      	MOVWF      R0
0x01E2	0x3000      	MOVLW      0
0x01E3	0x00F1      	MOVWF      R0+1
0x01E4	0x2A05      	GOTO       L_end_Check_password
;MyProject.c,76 :: 		}
L_Check_password6:
;MyProject.c,78 :: 		Lcd_Out(1, 1, "Incorrect Password");
0x01E5	0x3001      	MOVLW      1
0x01E6	0x1703      	BSF        STATUS, 6
0x01E7	0x00A6      	MOVWF      FARG_Lcd_Out_row
0x01E8	0x3001      	MOVLW      1
0x01E9	0x00A7      	MOVWF      FARG_Lcd_Out_column
0x01EA	0x3010      	MOVLW      ?lstr8_MyProject
0x01EB	0x00A8      	MOVWF      FARG_Lcd_Out_text
0x01EC	0x2066      	CALL       _Lcd_Out
;MyProject.c,79 :: 		Lcd_Out(2, 1, "Try Again!");
0x01ED	0x3002      	MOVLW      2
0x01EE	0x1703      	BSF        STATUS, 6
0x01EF	0x00A6      	MOVWF      FARG_Lcd_Out_row
0x01F0	0x3001      	MOVLW      1
0x01F1	0x00A7      	MOVWF      FARG_Lcd_Out_column
0x01F2	0x30E2      	MOVLW      ?lstr9_MyProject
0x01F3	0x00A8      	MOVWF      FARG_Lcd_Out_text
0x01F4	0x2066      	CALL       _Lcd_Out
;MyProject.c,81 :: 		Delay_ms(2000);
0x01F5	0x3015      	MOVLW      21
0x01F6	0x00FB      	MOVWF      R11
0x01F7	0x304B      	MOVLW      75
0x01F8	0x00FC      	MOVWF      R12
0x01F9	0x30BE      	MOVLW      190
0x01FA	0x00FD      	MOVWF      R13
L_Check_password8:
0x01FB	0x0BFD      	DECFSZ     R13, 1
0x01FC	0x29FB      	GOTO       L_Check_password8
0x01FD	0x0BFC      	DECFSZ     R12, 1
0x01FE	0x29FB      	GOTO       L_Check_password8
0x01FF	0x0BFB      	DECFSZ     R11, 1
0x0200	0x29FB      	GOTO       L_Check_password8
0x0201	0x0000      	NOP
;MyProject.c,82 :: 		Password_prompt();
0x0202	0x20FE      	CALL       _Password_prompt
;MyProject.c,83 :: 		return 0;
0x0203	0x01F0      	CLRF       R0
0x0204	0x01F1      	CLRF       R0+1
;MyProject.c,87 :: 		}
L_end_Check_password:
0x0205	0x0008      	RETURN
; end of _Check_password
_Keypad_Key_Click:
;__Lib_Keypad4x4.c,77 :: 		
;__Lib_Keypad4x4.c,81 :: 		
0x0206	0x2177      	CALL       _Keypad_Key_Press
0x0207	0x0870      	MOVF       R0, 0
0x0208	0x00ED      	MOVWF      Keypad_Key_Click_rslt_L0
;__Lib_Keypad4x4.c,83 :: 		
L_Keypad_Key_Click5:
0x0209	0x300F      	MOVLW      15
0x020A	0x1283      	BCF        STATUS, 5
0x020B	0x0508      	ANDWF      keypadPort, 0
0x020C	0x00F0      	MOVWF      R0
0x020D	0x1903      	BTFSC      STATUS, 2
0x020E	0x2A11      	GOTO       L_Keypad_Key_Click6
;__Lib_Keypad4x4.c,84 :: 		
0x020F	0x2140      	CALL       _Delay_10us
0x0210	0x2A09      	GOTO       L_Keypad_Key_Click5
L_Keypad_Key_Click6:
;__Lib_Keypad4x4.c,86 :: 		
0x0211	0x1683      	BSF        STATUS, 5
0x0212	0x086D      	MOVF       Keypad_Key_Click_rslt_L0, 0
0x0213	0x00F0      	MOVWF      R0
;__Lib_Keypad4x4.c,87 :: 		
L_end_Keypad_Key_Click:
0x0214	0x0008      	RETURN
; end of _Keypad_Key_Click
___CC2DW:
;__Lib_System.c,134 :: 		
;__Lib_System.c,137 :: 		
_CC2D_Loop1:
;__Lib_System.c,139 :: 		
0x0215	0x20A9      	CALL       _____DoICP
0x0216	0x118A      	BCF        PCLATH, 3
0x0217	0x120A      	BCF        PCLATH, 4
;__Lib_System.c,141 :: 		
0x0218	0x0080      	MOVWF      INDF
;__Lib_System.c,142 :: 		
0x0219	0x0A84      	INCF       FSR, 1
;__Lib_System.c,143 :: 		
0x021A	0x0AEA      	INCF       ___DoICPAddr, 1
;__Lib_System.c,145 :: 		
0x021B	0x1903      	BTFSC      STATUS, 2
;__Lib_System.c,146 :: 		
0x021C	0x0AEB      	INCF       ___DoICPAddr+1, 1
;__Lib_System.c,147 :: 		
0x021D	0x03F0      	DECF       R0, 1
;__Lib_System.c,149 :: 		
0x021E	0x1D03      	BTFSS      STATUS, 2
;__Lib_System.c,150 :: 		
0x021F	0x2A15      	GOTO       _CC2D_Loop1
;__Lib_System.c,152 :: 		
L_end___CC2DW:
0x0220	0x0008      	RETURN
; end of ___CC2DW
_Init:
;MyProject.c,40 :: 		void Init(){
;MyProject.c,41 :: 		Lcd_Init();                        // Initialize LCD
0x0221	0x20B0      	CALL       _Lcd_Init
;MyProject.c,42 :: 		Lcd_Cmd(_LCD_CLEAR);                     // Clear display
0x0222	0x3001      	MOVLW      1
0x0223	0x1703      	BSF        STATUS, 6
0x0224	0x00AB      	MOVWF      FARG_Lcd_Cmd_out_char
0x0225	0x201A      	CALL       _Lcd_Cmd
;MyProject.c,43 :: 		Lcd_Cmd(_LCD_CURSOR_OFF);                // Cursor off
0x0226	0x300C      	MOVLW      12
0x0227	0x1703      	BSF        STATUS, 6
0x0228	0x00AB      	MOVWF      FARG_Lcd_Cmd_out_char
0x0229	0x201A      	CALL       _Lcd_Cmd
;MyProject.c,44 :: 		Lcd_Out(1, 1, "Welcome to");
0x022A	0x3001      	MOVLW      1
0x022B	0x1703      	BSF        STATUS, 6
0x022C	0x00A6      	MOVWF      FARG_Lcd_Out_row
0x022D	0x3001      	MOVLW      1
0x022E	0x00A7      	MOVWF      FARG_Lcd_Out_column
0x022F	0x305F      	MOVLW      ?lstr4_MyProject
0x0230	0x00A8      	MOVWF      FARG_Lcd_Out_text
0x0231	0x2066      	CALL       _Lcd_Out
;MyProject.c,45 :: 		Lcd_Out(2, 1, "Password Lock");
0x0232	0x3002      	MOVLW      2
0x0233	0x1703      	BSF        STATUS, 6
0x0234	0x00A6      	MOVWF      FARG_Lcd_Out_row
0x0235	0x3001      	MOVLW      1
0x0236	0x00A7      	MOVWF      FARG_Lcd_Out_column
0x0237	0x3051      	MOVLW      ?lstr5_MyProject
0x0238	0x00A8      	MOVWF      FARG_Lcd_Out_text
0x0239	0x2066      	CALL       _Lcd_Out
;MyProject.c,48 :: 		Delay_ms(5000);
0x023A	0x3033      	MOVLW      51
0x023B	0x00FB      	MOVWF      R11
0x023C	0x30BB      	MOVLW      187
0x023D	0x00FC      	MOVWF      R12
0x023E	0x30DF      	MOVLW      223
0x023F	0x00FD      	MOVWF      R13
L_Init1:
0x0240	0x0BFD      	DECFSZ     R13, 1
0x0241	0x2A40      	GOTO       L_Init1
0x0242	0x0BFC      	DECFSZ     R12, 1
0x0243	0x2A40      	GOTO       L_Init1
0x0244	0x0BFB      	DECFSZ     R11, 1
0x0245	0x2A40      	GOTO       L_Init1
0x0246	0x0000      	NOP
0x0247	0x0000      	NOP
;MyProject.c,49 :: 		Password_prompt();
0x0248	0x20FE      	CALL       _Password_prompt
;MyProject.c,50 :: 		TRISB=0;
0x0249	0x1683      	BSF        STATUS, 5
0x024A	0x0186      	CLRF       TRISB
;MyProject.c,52 :: 		count=0;
0x024B	0x1283      	BCF        STATUS, 5
0x024C	0x01EE      	CLRF       _count
0x024D	0x01EF      	CLRF       _count+1
;MyProject.c,53 :: 		Keypad_Init();                           // Initialize Keypad
0x024E	0x2136      	CALL       _Keypad_Init
;MyProject.c,54 :: 		}
L_end_Init:
0x024F	0x0008      	RETURN
; end of _Init
_main:
0x0250	0x245A      	CALL       1114
;MyProject.c,90 :: 		void main() {
;MyProject.c,91 :: 		Init();
0x0251	0x2221      	CALL       _Init
;MyProject.c,92 :: 		do {
L_main9:
;MyProject.c,93 :: 		kp = 0;                                // Reset key code variable
0x0252	0x01EC      	CLRF       _kp
;MyProject.c,94 :: 		if(count==6)
0x0253	0x3000      	MOVLW      0
0x0254	0x066F      	XORWF      _count+1, 0
0x0255	0x1D03      	BTFSS      STATUS, 2
0x0256	0x2A59      	GOTO       L__main47
0x0257	0x3006      	MOVLW      6
0x0258	0x066E      	XORWF      _count, 0
L__main47:
0x0259	0x1D03      	BTFSS      STATUS, 2
0x025A	0x2A99      	GOTO       L_main12
;MyProject.c,96 :: 		PORTB.B7=Check_password();    //0/1 according to password check and drives the motor
0x025B	0x21BB      	CALL       _Check_password
0x025C	0x1870      	BTFSC      R0, 0
0x025D	0x2A60      	GOTO       L__main48
0x025E	0x1386      	BCF        PORTB, 7
0x025F	0x2A61      	GOTO       L__main49
L__main48:
0x0260	0x1786      	BSF        PORTB, 7
L__main49:
;MyProject.c,97 :: 		count=0;
0x0261	0x01EE      	CLRF       _count
0x0262	0x01EF      	CLRF       _count+1
;MyProject.c,98 :: 		if(PORTB.B7==1){
0x0263	0x1F86      	BTFSS      PORTB, 7
0x0264	0x2A99      	GOTO       L_main13
;MyProject.c,99 :: 		Delay_ms(1000);
0x0265	0x300B      	MOVLW      11
0x0266	0x00FB      	MOVWF      R11
0x0267	0x3026      	MOVLW      38
0x0268	0x00FC      	MOVWF      R12
0x0269	0x305D      	MOVLW      93
0x026A	0x00FD      	MOVWF      R13
L_main14:
0x026B	0x0BFD      	DECFSZ     R13, 1
0x026C	0x2A6B      	GOTO       L_main14
0x026D	0x0BFC      	DECFSZ     R12, 1
0x026E	0x2A6B      	GOTO       L_main14
0x026F	0x0BFB      	DECFSZ     R11, 1
0x0270	0x2A6B      	GOTO       L_main14
0x0271	0x0000      	NOP
0x0272	0x0000      	NOP
;MyProject.c,100 :: 		Lcd_Cmd(_LCD_CLEAR);
0x0273	0x3001      	MOVLW      1
0x0274	0x1703      	BSF        STATUS, 6
0x0275	0x00AB      	MOVWF      FARG_Lcd_Cmd_out_char
0x0276	0x201A      	CALL       _Lcd_Cmd
;MyProject.c,102 :: 		Lcd_Out(1,1,"Press * to Off");
0x0277	0x3001      	MOVLW      1
0x0278	0x1703      	BSF        STATUS, 6
0x0279	0x00A6      	MOVWF      FARG_Lcd_Out_row
0x027A	0x3001      	MOVLW      1
0x027B	0x00A7      	MOVWF      FARG_Lcd_Out_column
0x027C	0x30AF      	MOVLW      ?lstr10_MyProject
0x027D	0x00A8      	MOVWF      FARG_Lcd_Out_text
0x027E	0x2066      	CALL       _Lcd_Out
;MyProject.c,103 :: 		Lcd_Out(2,1,"and Lock again");
0x027F	0x3002      	MOVLW      2
0x0280	0x1703      	BSF        STATUS, 6
0x0281	0x00A6      	MOVWF      FARG_Lcd_Out_row
0x0282	0x3001      	MOVLW      1
0x0283	0x00A7      	MOVWF      FARG_Lcd_Out_column
0x0284	0x30A0      	MOVLW      ?lstr11_MyProject
0x0285	0x00A8      	MOVWF      FARG_Lcd_Out_text
0x0286	0x2066      	CALL       _Lcd_Out
;MyProject.c,104 :: 		Lcd_Cmd(_LCD_CURSOR_OFF);           // Cursor off
0x0287	0x300C      	MOVLW      12
0x0288	0x1703      	BSF        STATUS, 6
0x0289	0x00AB      	MOVWF      FARG_Lcd_Cmd_out_char
0x028A	0x201A      	CALL       _Lcd_Cmd
;MyProject.c,106 :: 		do
L_main15:
;MyProject.c,108 :: 		kp = Keypad_Key_Click();             // Store key code in kp variable
0x028B	0x2206      	CALL       _Keypad_Key_Click
0x028C	0x0870      	MOVF       R0, 0
0x028D	0x1283      	BCF        STATUS, 5
0x028E	0x00EC      	MOVWF      _kp
;MyProject.c,109 :: 		while (kp!=13);
0x028F	0x0870      	MOVF       R0, 0
0x0290	0x3A0D      	XORLW      13
0x0291	0x1D03      	BTFSS      STATUS, 2
0x0292	0x2A8B      	GOTO       L_main15
;MyProject.c,110 :: 		if(kp==13){
0x0293	0x086C      	MOVF       _kp, 0
0x0294	0x3A0D      	XORLW      13
0x0295	0x1D03      	BTFSS      STATUS, 2
0x0296	0x2A99      	GOTO       L_main18
;MyProject.c,111 :: 		PORTB.B7=0;
0x0297	0x1386      	BCF        PORTB, 7
;MyProject.c,112 :: 		Password_prompt();
0x0298	0x20FE      	CALL       _Password_prompt
;MyProject.c,113 :: 		}
L_main18:
;MyProject.c,114 :: 		}
L_main13:
;MyProject.c,115 :: 		}
L_main12:
;MyProject.c,117 :: 		do
L_main19:
;MyProject.c,119 :: 		kp = Keypad_Key_Click();             // Store key code in kp variable
0x0299	0x2206      	CALL       _Keypad_Key_Click
0x029A	0x0870      	MOVF       R0, 0
0x029B	0x1283      	BCF        STATUS, 5
0x029C	0x00EC      	MOVWF      _kp
;MyProject.c,120 :: 		while (!kp);
0x029D	0x0870      	MOVF       R0, 0
0x029E	0x1903      	BTFSC      STATUS, 2
0x029F	0x2A99      	GOTO       L_main19
;MyProject.c,121 :: 		switch (kp) {
0x02A0	0x2B68      	GOTO       L_main22
;MyProject.c,122 :: 		case  1: kp = 49;Lcd_Chr_Cp(kp);given_password[count]=kp;count++; break; // 1        // Uncomment this block for keypad4x4
L_main24:
0x02A1	0x3031      	MOVLW      49
0x02A2	0x00EC      	MOVWF      _kp
0x02A3	0x3031      	MOVLW      49
0x02A4	0x1703      	BSF        STATUS, 6
0x02A5	0x00AA      	MOVWF      FARG_Lcd_Chr_CP_out_char
0x02A6	0x205D      	CALL       _Lcd_Chr_CP
0x02A7	0x086E      	MOVF       _count, 0
0x02A8	0x3EDB      	ADDLW      _given_password
0x02A9	0x0084      	MOVWF      FSR
0x02AA	0x086C      	MOVF       _kp, 0
0x02AB	0x0080      	MOVWF      INDF
0x02AC	0x0AEE      	INCF       _count, 1
0x02AD	0x1903      	BTFSC      STATUS, 2
0x02AE	0x0AEF      	INCF       _count+1, 1
0x02AF	0x2BA8      	GOTO       L_main23
;MyProject.c,123 :: 		case  2: kp = 50;Lcd_Chr_Cp(kp);given_password[count]=kp;count++; break; // 2
L_main25:
0x02B0	0x3032      	MOVLW      50
0x02B1	0x00EC      	MOVWF      _kp
0x02B2	0x3032      	MOVLW      50
0x02B3	0x1703      	BSF        STATUS, 6
0x02B4	0x00AA      	MOVWF      FARG_Lcd_Chr_CP_out_char
0x02B5	0x205D      	CALL       _Lcd_Chr_CP
0x02B6	0x086E      	MOVF       _count, 0
0x02B7	0x3EDB      	ADDLW      _given_password
0x02B8	0x0084      	MOVWF      FSR
0x02B9	0x086C      	MOVF       _kp, 0
0x02BA	0x0080      	MOVWF      INDF
0x02BB	0x0AEE      	INCF       _count, 1
0x02BC	0x1903      	BTFSC      STATUS, 2
0x02BD	0x0AEF      	INCF       _count+1, 1
0x02BE	0x2BA8      	GOTO       L_main23
;MyProject.c,124 :: 		case  3: kp = 51;Lcd_Chr_Cp(kp);given_password[count]=kp;count++; break; // 3
L_main26:
0x02BF	0x3033      	MOVLW      51
0x02C0	0x00EC      	MOVWF      _kp
0x02C1	0x3033      	MOVLW      51
0x02C2	0x1703      	BSF        STATUS, 6
0x02C3	0x00AA      	MOVWF      FARG_Lcd_Chr_CP_out_char
0x02C4	0x205D      	CALL       _Lcd_Chr_CP
0x02C5	0x086E      	MOVF       _count, 0
0x02C6	0x3EDB      	ADDLW      _given_password
0x02C7	0x0084      	MOVWF      FSR
0x02C8	0x086C      	MOVF       _kp, 0
0x02C9	0x0080      	MOVWF      INDF
0x02CA	0x0AEE      	INCF       _count, 1
0x02CB	0x1903      	BTFSC      STATUS, 2
0x02CC	0x0AEF      	INCF       _count+1, 1
0x02CD	0x2BA8      	GOTO       L_main23
;MyProject.c,125 :: 		case  4: kp = 65;Lcd_Chr_Cp(kp); break; // A
L_main27:
0x02CE	0x3041      	MOVLW      65
0x02CF	0x00EC      	MOVWF      _kp
0x02D0	0x3041      	MOVLW      65
0x02D1	0x1703      	BSF        STATUS, 6
0x02D2	0x00AA      	MOVWF      FARG_Lcd_Chr_CP_out_char
0x02D3	0x205D      	CALL       _Lcd_Chr_CP
0x02D4	0x2BA8      	GOTO       L_main23
;MyProject.c,126 :: 		case  5: kp = 52;Lcd_Chr_Cp(kp);given_password[count]=kp;count++; break; // 4
L_main28:
0x02D5	0x3034      	MOVLW      52
0x02D6	0x00EC      	MOVWF      _kp
0x02D7	0x3034      	MOVLW      52
0x02D8	0x1703      	BSF        STATUS, 6
0x02D9	0x00AA      	MOVWF      FARG_Lcd_Chr_CP_out_char
0x02DA	0x205D      	CALL       _Lcd_Chr_CP
0x02DB	0x086E      	MOVF       _count, 0
0x02DC	0x3EDB      	ADDLW      _given_password
0x02DD	0x0084      	MOVWF      FSR
0x02DE	0x086C      	MOVF       _kp, 0
0x02DF	0x0080      	MOVWF      INDF
0x02E0	0x0AEE      	INCF       _count, 1
0x02E1	0x1903      	BTFSC      STATUS, 2
0x02E2	0x0AEF      	INCF       _count+1, 1
0x02E3	0x2BA8      	GOTO       L_main23
;MyProject.c,127 :: 		case  6: kp = 53;Lcd_Chr_Cp(kp);given_password[count]=kp;count++; break; // 5
L_main29:
0x02E4	0x3035      	MOVLW      53
0x02E5	0x00EC      	MOVWF      _kp
0x02E6	0x3035      	MOVLW      53
0x02E7	0x1703      	BSF        STATUS, 6
0x02E8	0x00AA      	MOVWF      FARG_Lcd_Chr_CP_out_char
0x02E9	0x205D      	CALL       _Lcd_Chr_CP
0x02EA	0x086E      	MOVF       _count, 0
0x02EB	0x3EDB      	ADDLW      _given_password
0x02EC	0x0084      	MOVWF      FSR
0x02ED	0x086C      	MOVF       _kp, 0
0x02EE	0x0080      	MOVWF      INDF
0x02EF	0x0AEE      	INCF       _count, 1
0x02F0	0x1903      	BTFSC      STATUS, 2
0x02F1	0x0AEF      	INCF       _count+1, 1
0x02F2	0x2BA8      	GOTO       L_main23
;MyProject.c,128 :: 		case  7: kp = 54;Lcd_Chr_Cp(kp);given_password[count]=kp;count++; break; // 6
L_main30:
0x02F3	0x3036      	MOVLW      54
0x02F4	0x00EC      	MOVWF      _kp
0x02F5	0x3036      	MOVLW      54
0x02F6	0x1703      	BSF        STATUS, 6
0x02F7	0x00AA      	MOVWF      FARG_Lcd_Chr_CP_out_char
0x02F8	0x205D      	CALL       _Lcd_Chr_CP
0x02F9	0x086E      	MOVF       _count, 0
0x02FA	0x3EDB      	ADDLW      _given_password
0x02FB	0x0084      	MOVWF      FSR
0x02FC	0x086C      	MOVF       _kp, 0
0x02FD	0x0080      	MOVWF      INDF
0x02FE	0x0AEE      	INCF       _count, 1
0x02FF	0x1903      	BTFSC      STATUS, 2
0x0300	0x0AEF      	INCF       _count+1, 1
0x0301	0x2BA8      	GOTO       L_main23
;MyProject.c,129 :: 		case  8: kp = 66;Lcd_Chr_Cp(kp); break; // B
L_main31:
0x0302	0x3042      	MOVLW      66
0x0303	0x00EC      	MOVWF      _kp
0x0304	0x3042      	MOVLW      66
0x0305	0x1703      	BSF        STATUS, 6
0x0306	0x00AA      	MOVWF      FARG_Lcd_Chr_CP_out_char
0x0307	0x205D      	CALL       _Lcd_Chr_CP
0x0308	0x2BA8      	GOTO       L_main23
;MyProject.c,130 :: 		case  9: kp = 55;Lcd_Chr_Cp(kp);given_password[count]=kp;count++; break; // 7
L_main32:
0x0309	0x3037      	MOVLW      55
0x030A	0x00EC      	MOVWF      _kp
0x030B	0x3037      	MOVLW      55
0x030C	0x1703      	BSF        STATUS, 6
0x030D	0x00AA      	MOVWF      FARG_Lcd_Chr_CP_out_char
0x030E	0x205D      	CALL       _Lcd_Chr_CP
0x030F	0x086E      	MOVF       _count, 0
0x0310	0x3EDB      	ADDLW      _given_password
0x0311	0x0084      	MOVWF      FSR
0x0312	0x086C      	MOVF       _kp, 0
0x0313	0x0080      	MOVWF      INDF
0x0314	0x0AEE      	INCF       _count, 1
0x0315	0x1903      	BTFSC      STATUS, 2
0x0316	0x0AEF      	INCF       _count+1, 1
0x0317	0x2BA8      	GOTO       L_main23
;MyProject.c,131 :: 		case 10: kp = 56;Lcd_Chr_Cp(kp);given_password[count]=kp;count++; break; // 8
L_main33:
0x0318	0x3038      	MOVLW      56
0x0319	0x00EC      	MOVWF      _kp
0x031A	0x3038      	MOVLW      56
0x031B	0x1703      	BSF        STATUS, 6
0x031C	0x00AA      	MOVWF      FARG_Lcd_Chr_CP_out_char
0x031D	0x205D      	CALL       _Lcd_Chr_CP
0x031E	0x086E      	MOVF       _count, 0
0x031F	0x3EDB      	ADDLW      _given_password
0x0320	0x0084      	MOVWF      FSR
0x0321	0x086C      	MOVF       _kp, 0
0x0322	0x0080      	MOVWF      INDF
0x0323	0x0AEE      	INCF       _count, 1
0x0324	0x1903      	BTFSC      STATUS, 2
0x0325	0x0AEF      	INCF       _count+1, 1
0x0326	0x2BA8      	GOTO       L_main23
;MyProject.c,132 :: 		case 11: kp = 57;Lcd_Chr_Cp(kp);given_password[count]=kp;count++; break; // 9
L_main34:
0x0327	0x3039      	MOVLW      57
0x0328	0x00EC      	MOVWF      _kp
0x0329	0x3039      	MOVLW      57
0x032A	0x1703      	BSF        STATUS, 6
0x032B	0x00AA      	MOVWF      FARG_Lcd_Chr_CP_out_char
0x032C	0x205D      	CALL       _Lcd_Chr_CP
0x032D	0x086E      	MOVF       _count, 0
0x032E	0x3EDB      	ADDLW      _given_password
0x032F	0x0084      	MOVWF      FSR
0x0330	0x086C      	MOVF       _kp, 0
0x0331	0x0080      	MOVWF      INDF
0x0332	0x0AEE      	INCF       _count, 1
0x0333	0x1903      	BTFSC      STATUS, 2
0x0334	0x0AEF      	INCF       _count+1, 1
0x0335	0x2BA8      	GOTO       L_main23
;MyProject.c,133 :: 		case 12: kp = 67;Lcd_Chr_Cp(kp); break; // C
L_main35:
0x0336	0x3043      	MOVLW      67
0x0337	0x00EC      	MOVWF      _kp
0x0338	0x3043      	MOVLW      67
0x0339	0x1703      	BSF        STATUS, 6
0x033A	0x00AA      	MOVWF      FARG_Lcd_Chr_CP_out_char
0x033B	0x205D      	CALL       _Lcd_Chr_CP
0x033C	0x2BA8      	GOTO       L_main23
;MyProject.c,134 :: 		case 13: kp = 42;Lcd_Cmd(_LCD_MOVE_CURSOR_LEFT);count--; break; // *
L_main36:
0x033D	0x302A      	MOVLW      42
0x033E	0x00EC      	MOVWF      _kp
0x033F	0x3010      	MOVLW      16
0x0340	0x1703      	BSF        STATUS, 6
0x0341	0x00AB      	MOVWF      FARG_Lcd_Cmd_out_char
0x0342	0x201A      	CALL       _Lcd_Cmd
0x0343	0x3001      	MOVLW      1
0x0344	0x02EE      	SUBWF      _count, 1
0x0345	0x1C03      	BTFSS      STATUS, 0
0x0346	0x03EF      	DECF       _count+1, 1
0x0347	0x2BA8      	GOTO       L_main23
;MyProject.c,135 :: 		case 14: kp = 48;Lcd_Chr_Cp(kp);given_password[count]=kp;count++; break; // 0
L_main37:
0x0348	0x3030      	MOVLW      48
0x0349	0x00EC      	MOVWF      _kp
0x034A	0x3030      	MOVLW      48
0x034B	0x1703      	BSF        STATUS, 6
0x034C	0x00AA      	MOVWF      FARG_Lcd_Chr_CP_out_char
0x034D	0x205D      	CALL       _Lcd_Chr_CP
0x034E	0x086E      	MOVF       _count, 0
0x034F	0x3EDB      	ADDLW      _given_password
0x0350	0x0084      	MOVWF      FSR
0x0351	0x086C      	MOVF       _kp, 0
0x0352	0x0080      	MOVWF      INDF
0x0353	0x0AEE      	INCF       _count, 1
0x0354	0x1903      	BTFSC      STATUS, 2
0x0355	0x0AEF      	INCF       _count+1, 1
0x0356	0x2BA8      	GOTO       L_main23
;MyProject.c,136 :: 		case 15: kp = 35;Lcd_Cmd(_LCD_MOVE_CURSOR_RIGHT);count++; break; // #
L_main38:
0x0357	0x3023      	MOVLW      35
0x0358	0x00EC      	MOVWF      _kp
0x0359	0x3014      	MOVLW      20
0x035A	0x1703      	BSF        STATUS, 6
0x035B	0x00AB      	MOVWF      FARG_Lcd_Cmd_out_char
0x035C	0x201A      	CALL       _Lcd_Cmd
0x035D	0x0AEE      	INCF       _count, 1
0x035E	0x1903      	BTFSC      STATUS, 2
0x035F	0x0AEF      	INCF       _count+1, 1
0x0360	0x2BA8      	GOTO       L_main23
;MyProject.c,137 :: 		case 16: kp = 68;Lcd_Chr_Cp(kp); break; // D
L_main39:
0x0361	0x3044      	MOVLW      68
0x0362	0x00EC      	MOVWF      _kp
0x0363	0x3044      	MOVLW      68
0x0364	0x1703      	BSF        STATUS, 6
0x0365	0x00AA      	MOVWF      FARG_Lcd_Chr_CP_out_char
0x0366	0x205D      	CALL       _Lcd_Chr_CP
0x0367	0x2BA8      	GOTO       L_main23
;MyProject.c,139 :: 		}
L_main22:
0x0368	0x086C      	MOVF       _kp, 0
0x0369	0x3A01      	XORLW      1
0x036A	0x1903      	BTFSC      STATUS, 2
0x036B	0x2AA1      	GOTO       L_main24
0x036C	0x086C      	MOVF       _kp, 0
0x036D	0x3A02      	XORLW      2
0x036E	0x1903      	BTFSC      STATUS, 2
0x036F	0x2AB0      	GOTO       L_main25
0x0370	0x086C      	MOVF       _kp, 0
0x0371	0x3A03      	XORLW      3
0x0372	0x1903      	BTFSC      STATUS, 2
0x0373	0x2ABF      	GOTO       L_main26
0x0374	0x086C      	MOVF       _kp, 0
0x0375	0x3A04      	XORLW      4
0x0376	0x1903      	BTFSC      STATUS, 2
0x0377	0x2ACE      	GOTO       L_main27
0x0378	0x086C      	MOVF       _kp, 0
0x0379	0x3A05      	XORLW      5
0x037A	0x1903      	BTFSC      STATUS, 2
0x037B	0x2AD5      	GOTO       L_main28
0x037C	0x086C      	MOVF       _kp, 0
0x037D	0x3A06      	XORLW      6
0x037E	0x1903      	BTFSC      STATUS, 2
0x037F	0x2AE4      	GOTO       L_main29
0x0380	0x086C      	MOVF       _kp, 0
0x0381	0x3A07      	XORLW      7
0x0382	0x1903      	BTFSC      STATUS, 2
0x0383	0x2AF3      	GOTO       L_main30
0x0384	0x086C      	MOVF       _kp, 0
0x0385	0x3A08      	XORLW      8
0x0386	0x1903      	BTFSC      STATUS, 2
0x0387	0x2B02      	GOTO       L_main31
0x0388	0x086C      	MOVF       _kp, 0
0x0389	0x3A09      	XORLW      9
0x038A	0x1903      	BTFSC      STATUS, 2
0x038B	0x2B09      	GOTO       L_main32
0x038C	0x086C      	MOVF       _kp, 0
0x038D	0x3A0A      	XORLW      10
0x038E	0x1903      	BTFSC      STATUS, 2
0x038F	0x2B18      	GOTO       L_main33
0x0390	0x086C      	MOVF       _kp, 0
0x0391	0x3A0B      	XORLW      11
0x0392	0x1903      	BTFSC      STATUS, 2
0x0393	0x2B27      	GOTO       L_main34
0x0394	0x086C      	MOVF       _kp, 0
0x0395	0x3A0C      	XORLW      12
0x0396	0x1903      	BTFSC      STATUS, 2
0x0397	0x2B36      	GOTO       L_main35
0x0398	0x086C      	MOVF       _kp, 0
0x0399	0x3A0D      	XORLW      13
0x039A	0x1903      	BTFSC      STATUS, 2
0x039B	0x2B3D      	GOTO       L_main36
0x039C	0x086C      	MOVF       _kp, 0
0x039D	0x3A0E      	XORLW      14
0x039E	0x1903      	BTFSC      STATUS, 2
0x039F	0x2B48      	GOTO       L_main37
0x03A0	0x086C      	MOVF       _kp, 0
0x03A1	0x3A0F      	XORLW      15
0x03A2	0x1903      	BTFSC      STATUS, 2
0x03A3	0x2B57      	GOTO       L_main38
0x03A4	0x086C      	MOVF       _kp, 0
0x03A5	0x3A10      	XORLW      16
0x03A6	0x1903      	BTFSC      STATUS, 2
0x03A7	0x2B61      	GOTO       L_main39
L_main23:
;MyProject.c,140 :: 		} while (1);
0x03A8	0x2A52      	GOTO       L_main9
;MyProject.c,142 :: 		}
L_end_main:
0x03A9	0x2BA9      	GOTO       $+0
; end of _main
0x045A	0x3020      	MOVLW      32
0x045B	0x0084      	MOVWF      FSR
0x045C	0x304A      	MOVLW      74
0x045D	0x1283      	BCF        STATUS, 5
0x045E	0x1303      	BCF        STATUS, 6
0x045F	0x00F0      	MOVWF      R0
0x0460	0x30FC      	MOVLW      252
0x0461	0x00EA      	MOVWF      ___DoICPAddr
0x0462	0x3003      	MOVLW      3
0x0463	0x00EB      	MOVWF      107
0x0464	0x2215      	CALL       533
0x0465	0x30A0      	MOVLW      160
0x0466	0x0084      	MOVWF      FSR
0x0467	0x304D      	MOVLW      77
0x0468	0x1283      	BCF        STATUS, 5
0x0469	0x00F0      	MOVWF      R0
0x046A	0x30AF      	MOVLW      175
0x046B	0x00EA      	MOVWF      ___DoICPAddr
0x046C	0x3003      	MOVLW      3
0x046D	0x00EB      	MOVWF      107
0x046E	0x2215      	CALL       533
0x046F	0x3010      	MOVLW      272
0x0470	0x1783      	BSF        STATUS, 7
0x0471	0x0084      	MOVWF      FSR
0x0472	0x3013      	MOVLW      19
0x0473	0x1283      	BCF        STATUS, 5
0x0474	0x00F0      	MOVWF      R0
0x0475	0x3046      	MOVLW      70
0x0476	0x00EA      	MOVWF      ___DoICPAddr
0x0477	0x3004      	MOVLW      4
0x0478	0x00EB      	MOVWF      107
0x0479	0x2215      	CALL       533
0x047A	0x1383      	BCF        STATUS, 7
0x047B	0x0008      	RETURN
;MyProject.c,0 :: ?ICS?lstr11_MyProject
0x03AF	0x3461 ;?ICS?lstr11_MyProject+0
0x03B0	0x346E ;?ICS?lstr11_MyProject+1
0x03B1	0x3464 ;?ICS?lstr11_MyProject+2
0x03B2	0x3420 ;?ICS?lstr11_MyProject+3
0x03B3	0x344C ;?ICS?lstr11_MyProject+4
0x03B4	0x346F ;?ICS?lstr11_MyProject+5
0x03B5	0x3463 ;?ICS?lstr11_MyProject+6
0x03B6	0x346B ;?ICS?lstr11_MyProject+7
0x03B7	0x3420 ;?ICS?lstr11_MyProject+8
0x03B8	0x3461 ;?ICS?lstr11_MyProject+9
0x03B9	0x3467 ;?ICS?lstr11_MyProject+10
0x03BA	0x3461 ;?ICS?lstr11_MyProject+11
0x03BB	0x3469 ;?ICS?lstr11_MyProject+12
0x03BC	0x346E ;?ICS?lstr11_MyProject+13
0x03BD	0x3400 ;?ICS?lstr11_MyProject+14
; end of ?ICS?lstr11_MyProject
;MyProject.c,0 :: ?ICS?lstr10_MyProject
0x03BE	0x3450 ;?ICS?lstr10_MyProject+0
0x03BF	0x3472 ;?ICS?lstr10_MyProject+1
0x03C0	0x3465 ;?ICS?lstr10_MyProject+2
0x03C1	0x3473 ;?ICS?lstr10_MyProject+3
0x03C2	0x3473 ;?ICS?lstr10_MyProject+4
0x03C3	0x3420 ;?ICS?lstr10_MyProject+5
0x03C4	0x342A ;?ICS?lstr10_MyProject+6
0x03C5	0x3420 ;?ICS?lstr10_MyProject+7
0x03C6	0x3474 ;?ICS?lstr10_MyProject+8
0x03C7	0x346F ;?ICS?lstr10_MyProject+9
0x03C8	0x3420 ;?ICS?lstr10_MyProject+10
0x03C9	0x344F ;?ICS?lstr10_MyProject+11
0x03CA	0x3466 ;?ICS?lstr10_MyProject+12
0x03CB	0x3466 ;?ICS?lstr10_MyProject+13
0x03CC	0x3400 ;?ICS?lstr10_MyProject+14
; end of ?ICS?lstr10_MyProject
;MyProject.c,0 :: ?ICS?lstr7_MyProject
0x03CD	0x344D ;?ICS?lstr7_MyProject+0
0x03CE	0x346F ;?ICS?lstr7_MyProject+1
0x03CF	0x3474 ;?ICS?lstr7_MyProject+2
0x03D0	0x346F ;?ICS?lstr7_MyProject+3
0x03D1	0x3472 ;?ICS?lstr7_MyProject+4
0x03D2	0x3420 ;?ICS?lstr7_MyProject+5
0x03D3	0x3469 ;?ICS?lstr7_MyProject+6
0x03D4	0x3473 ;?ICS?lstr7_MyProject+7
0x03D5	0x3420 ;?ICS?lstr7_MyProject+8
0x03D6	0x346F ;?ICS?lstr7_MyProject+9
0x03D7	0x346E ;?ICS?lstr7_MyProject+10
0x03D8	0x3400 ;?ICS?lstr7_MyProject+11
; end of ?ICS?lstr7_MyProject
;MyProject.c,0 :: ?ICS?lstr6_MyProject
0x03D9	0x3450 ;?ICS?lstr6_MyProject+0
0x03DA	0x3461 ;?ICS?lstr6_MyProject+1
0x03DB	0x3473 ;?ICS?lstr6_MyProject+2
0x03DC	0x3473 ;?ICS?lstr6_MyProject+3
0x03DD	0x3477 ;?ICS?lstr6_MyProject+4
0x03DE	0x346F ;?ICS?lstr6_MyProject+5
0x03DF	0x3472 ;?ICS?lstr6_MyProject+6
0x03E0	0x3464 ;?ICS?lstr6_MyProject+7
0x03E1	0x3420 ;?ICS?lstr6_MyProject+8
0x03E2	0x344D ;?ICS?lstr6_MyProject+9
0x03E3	0x3461 ;?ICS?lstr6_MyProject+10
0x03E4	0x3474 ;?ICS?lstr6_MyProject+11
0x03E5	0x3463 ;?ICS?lstr6_MyProject+12
0x03E6	0x3468 ;?ICS?lstr6_MyProject+13
0x03E7	0x3465 ;?ICS?lstr6_MyProject+14
0x03E8	0x3464 ;?ICS?lstr6_MyProject+15
0x03E9	0x3400 ;?ICS?lstr6_MyProject+16
; end of ?ICS?lstr6_MyProject
;MyProject.c,0 :: ?ICS_given_password
0x03EA	0x3430 ;?ICS_given_password+0
0x03EB	0x3430 ;?ICS_given_password+1
0x03EC	0x3430 ;?ICS_given_password+2
0x03ED	0x3430 ;?ICS_given_password+3
0x03EE	0x3430 ;?ICS_given_password+4
0x03EF	0x3430 ;?ICS_given_password+5
0x03F0	0x3400 ;?ICS_given_password+6
; end of ?ICS_given_password
;MyProject.c,0 :: ?ICS?lstr9_MyProject
0x03F1	0x3454 ;?ICS?lstr9_MyProject+0
0x03F2	0x3472 ;?ICS?lstr9_MyProject+1
0x03F3	0x3479 ;?ICS?lstr9_MyProject+2
0x03F4	0x3420 ;?ICS?lstr9_MyProject+3
0x03F5	0x3441 ;?ICS?lstr9_MyProject+4
0x03F6	0x3467 ;?ICS?lstr9_MyProject+5
0x03F7	0x3461 ;?ICS?lstr9_MyProject+6
0x03F8	0x3469 ;?ICS?lstr9_MyProject+7
0x03F9	0x346E ;?ICS?lstr9_MyProject+8
0x03FA	0x3421 ;?ICS?lstr9_MyProject+9
0x03FB	0x3400 ;?ICS?lstr9_MyProject+10
; end of ?ICS?lstr9_MyProject
;MyProject.c,0 :: ?ICS?lstr2_MyProject
0x03FC	0x3461 ;?ICS?lstr2_MyProject+0
0x03FD	0x346E ;?ICS?lstr2_MyProject+1
0x03FE	0x3464 ;?ICS?lstr2_MyProject+2
0x03FF	0x3420 ;?ICS?lstr2_MyProject+3
0x0400	0x344C ;?ICS?lstr2_MyProject+4
0x0401	0x346F ;?ICS?lstr2_MyProject+5
0x0402	0x3463 ;?ICS?lstr2_MyProject+6
0x0403	0x346B ;?ICS?lstr2_MyProject+7
0x0404	0x3465 ;?ICS?lstr2_MyProject+8
0x0405	0x3464 ;?ICS?lstr2_MyProject+9
0x0406	0x3400 ;?ICS?lstr2_MyProject+10
; end of ?ICS?lstr2_MyProject
;MyProject.c,0 :: ?ICS_actual_password
0x0407	0x3431 ;?ICS_actual_password+0
0x0408	0x3432 ;?ICS_actual_password+1
0x0409	0x3433 ;?ICS_actual_password+2
0x040A	0x3434 ;?ICS_actual_password+3
0x040B	0x3435 ;?ICS_actual_password+4
0x040C	0x3436 ;?ICS_actual_password+5
0x040D	0x3400 ;?ICS_actual_password+6
; end of ?ICS_actual_password
;MyProject.c,0 :: ?ICS?lstr3_MyProject
0x040E	0x3445 ;?ICS?lstr3_MyProject+0
0x040F	0x346E ;?ICS?lstr3_MyProject+1
0x0410	0x3474 ;?ICS?lstr3_MyProject+2
0x0411	0x3465 ;?ICS?lstr3_MyProject+3
0x0412	0x3472 ;?ICS?lstr3_MyProject+4
0x0413	0x3420 ;?ICS?lstr3_MyProject+5
0x0414	0x3436 ;?ICS?lstr3_MyProject+6
0x0415	0x3420 ;?ICS?lstr3_MyProject+7
0x0416	0x3464 ;?ICS?lstr3_MyProject+8
0x0417	0x3469 ;?ICS?lstr3_MyProject+9
0x0418	0x3467 ;?ICS?lstr3_MyProject+10
0x0419	0x3469 ;?ICS?lstr3_MyProject+11
0x041A	0x3474 ;?ICS?lstr3_MyProject+12
0x041B	0x3420 ;?ICS?lstr3_MyProject+13
0x041C	0x346E ;?ICS?lstr3_MyProject+14
0x041D	0x346F ;?ICS?lstr3_MyProject+15
0x041E	0x343A ;?ICS?lstr3_MyProject+16
0x041F	0x3400 ;?ICS?lstr3_MyProject+17
; end of ?ICS?lstr3_MyProject
;MyProject.c,0 :: ?ICS?lstr1_MyProject
0x0420	0x344D ;?ICS?lstr1_MyProject+0
0x0421	0x346F ;?ICS?lstr1_MyProject+1
0x0422	0x3474 ;?ICS?lstr1_MyProject+2
0x0423	0x346F ;?ICS?lstr1_MyProject+3
0x0424	0x3472 ;?ICS?lstr1_MyProject+4
0x0425	0x3420 ;?ICS?lstr1_MyProject+5
0x0426	0x3469 ;?ICS?lstr1_MyProject+6
0x0427	0x3473 ;?ICS?lstr1_MyProject+7
0x0428	0x3420 ;?ICS?lstr1_MyProject+8
0x0429	0x344F ;?ICS?lstr1_MyProject+9
0x042A	0x3466 ;?ICS?lstr1_MyProject+10
0x042B	0x3466 ;?ICS?lstr1_MyProject+11
0x042C	0x3400 ;?ICS?lstr1_MyProject+12
; end of ?ICS?lstr1_MyProject
;MyProject.c,0 :: ?ICS?lstr5_MyProject
0x042D	0x3450 ;?ICS?lstr5_MyProject+0
0x042E	0x3461 ;?ICS?lstr5_MyProject+1
0x042F	0x3473 ;?ICS?lstr5_MyProject+2
0x0430	0x3473 ;?ICS?lstr5_MyProject+3
0x0431	0x3477 ;?ICS?lstr5_MyProject+4
0x0432	0x346F ;?ICS?lstr5_MyProject+5
0x0433	0x3472 ;?ICS?lstr5_MyProject+6
0x0434	0x3464 ;?ICS?lstr5_MyProject+7
0x0435	0x3420 ;?ICS?lstr5_MyProject+8
0x0436	0x344C ;?ICS?lstr5_MyProject+9
0x0437	0x346F ;?ICS?lstr5_MyProject+10
0x0438	0x3463 ;?ICS?lstr5_MyProject+11
0x0439	0x346B ;?ICS?lstr5_MyProject+12
0x043A	0x3400 ;?ICS?lstr5_MyProject+13
; end of ?ICS?lstr5_MyProject
;MyProject.c,0 :: ?ICS?lstr4_MyProject
0x043B	0x3457 ;?ICS?lstr4_MyProject+0
0x043C	0x3465 ;?ICS?lstr4_MyProject+1
0x043D	0x346C ;?ICS?lstr4_MyProject+2
0x043E	0x3463 ;?ICS?lstr4_MyProject+3
0x043F	0x346F ;?ICS?lstr4_MyProject+4
0x0440	0x346D ;?ICS?lstr4_MyProject+5
0x0441	0x3465 ;?ICS?lstr4_MyProject+6
0x0442	0x3420 ;?ICS?lstr4_MyProject+7
0x0443	0x3474 ;?ICS?lstr4_MyProject+8
0x0444	0x346F ;?ICS?lstr4_MyProject+9
0x0445	0x3400 ;?ICS?lstr4_MyProject+10
; end of ?ICS?lstr4_MyProject
;MyProject.c,0 :: ?ICS?lstr8_MyProject
0x0446	0x3449 ;?ICS?lstr8_MyProject+0
0x0447	0x346E ;?ICS?lstr8_MyProject+1
0x0448	0x3463 ;?ICS?lstr8_MyProject+2
0x0449	0x346F ;?ICS?lstr8_MyProject+3
0x044A	0x3472 ;?ICS?lstr8_MyProject+4
0x044B	0x3472 ;?ICS?lstr8_MyProject+5
0x044C	0x3465 ;?ICS?lstr8_MyProject+6
0x044D	0x3463 ;?ICS?lstr8_MyProject+7
0x044E	0x3474 ;?ICS?lstr8_MyProject+8
0x044F	0x3420 ;?ICS?lstr8_MyProject+9
0x0450	0x3450 ;?ICS?lstr8_MyProject+10
0x0451	0x3461 ;?ICS?lstr8_MyProject+11
0x0452	0x3473 ;?ICS?lstr8_MyProject+12
0x0453	0x3473 ;?ICS?lstr8_MyProject+13
0x0454	0x3477 ;?ICS?lstr8_MyProject+14
0x0455	0x346F ;?ICS?lstr8_MyProject+15
0x0456	0x3472 ;?ICS?lstr8_MyProject+16
0x0457	0x3464 ;?ICS?lstr8_MyProject+17
0x0458	0x3400 ;?ICS?lstr8_MyProject+18
; end of ?ICS?lstr8_MyProject
Symbol List:
//** Routines locations **
//ADDRESS    SIZE    PROCEDURE
//----------------------------------------------
0x0003       [3]    _Delay_1us
0x0006       [7]    _Delay_50us
0x000D      [13]    _Delay_5500us
0x001A      [67]    _Lcd_Cmd
0x005D       [9]    _Lcd_Chr_CP
0x0066      [67]    _Lcd_Out
0x00A9       [7]    _____DoICP
0x00B0      [78]    _Lcd_Init
0x00FE      [56]    _Password_prompt
0x0136      [10]    _Keypad_Init
0x0140       [8]    _Delay_10us
0x0148      [47]    _me
0x0177      [68]    _Keypad_Key_Press
0x01BB      [75]    _Check_password
0x0206      [15]    _Keypad_Key_Click
0x0215      [12]    ___CC2DW
0x0221      [47]    _Init
0x0250     [345]    _main
//** Variables locations ** 
//ADDRESS    SIZE    VARIABLE
//----------------------------------------------
0x0000       [1]    INDF
0x0002       [1]    PCL
0x0003       [1]    STATUS
0x0004       [1]    FSR
0x0006       [1]    PORTB
0x0006       [0]    LCD_EN
0x0006       [0]    LCD_D7
0x0006       [0]    LCD_D6
0x0006       [0]    LCD_RS
0x0006       [0]    LCD_D5
0x0006       [0]    LCD_D4
0x0006       [0]    RB2_bit
0x0006       [0]    RB0_bit
0x0006       [0]    RB3_bit
0x0006       [0]    RB4_bit
0x0006       [0]    RB5_bit
0x0006       [0]    RB1_bit
0x0008       [1]    keypadPort
0x0008       [1]    PORTD
0x000A       [1]    PCLATH
0x0020      [11]    ?lstr2_MyProject
0x002B       [7]    _actual_password
0x0032      [18]    ?lstr3_MyProject
0x0044      [13]    ?lstr1_MyProject
0x0051      [14]    ?lstr5_MyProject
0x005F      [11]    ?lstr4_MyProject
0x006A       [2]    ___DoICPAddr
0x006C       [1]    _kp
0x006D       [0]    __Lib_Lcd_cmd_status
0x006E       [2]    _count
0x0070       [1]    R0
0x0071       [1]    R1
0x0072       [1]    R2
0x0073       [1]    R3
0x0074       [1]    R4
0x0075       [1]    R5
0x0076       [1]    R6
0x0077       [1]    R7
0x0078       [1]    R8
0x0079       [1]    R9
0x007A       [1]    R10
0x007B       [1]    R11
0x007C       [1]    R12
0x007D       [1]    R13
0x007E       [1]    R14
0x007F       [1]    R15
0x0086       [1]    TRISB
0x0086       [0]    TRISB4_bit
0x0086       [0]    TRISB5_bit
0x0086       [0]    TRISB3_bit
0x0086       [0]    TRISB0_bit
0x0086       [0]    TRISB1_bit
0x0086       [0]    TRISB2_bit
0x0086       [0]    LCD_D5_Direction
0x0086       [0]    LCD_D6_Direction
0x0086       [0]    LCD_D7_Direction
0x0086       [0]    LCD_D4_Direction
0x0086       [0]    LCD_RS_Direction
0x0086       [0]    LCD_EN_Direction
0x00A0      [15]    ?lstr11_MyProject
0x00AF      [15]    ?lstr10_MyProject
0x00BE      [12]    ?lstr7_MyProject
0x00CA      [17]    ?lstr6_MyProject
0x00DB       [7]    _given_password
0x00E2      [11]    ?lstr9_MyProject
0x00ED       [1]    Keypad_Key_Click_rslt_L0
0x00EE       [1]    FARG_me_a
0x00EE       [1]    Keypad_Key_Press_rslt_L0
0x00EF       [1]    FARG_me_g
0x00EF       [1]    Keypad_Key_Press_kdata_L0
0x0110      [19]    ?lstr8_MyProject
0x0123       [1]    Keypad_Key_Press_loc_L0
0x0123       [2]    me_i_L0
0x0124       [1]    Keypad_Key_Press_rowcnt_L0
0x0125       [1]    Keypad_Key_Press_shifter_L0
0x0126       [1]    FARG_Lcd_Out_row
0x0127       [1]    FARG_Lcd_Out_column
0x0128       [1]    FARG_Lcd_Out_text
0x0129       [1]    Lcd_Out_i_L0
0x012A       [1]    FARG_Lcd_Chr_CP_out_char
0x012B       [1]    FARG_Lcd_Cmd_out_char
//** Constants locations ** 
//ADDRESS    SIZE    CONSTANT
//----------------------------------------------
0x03AF      [15]    ?ICS?lstr11_MyProject
0x03BE      [15]    ?ICS?lstr10_MyProject
0x03CD      [12]    ?ICS?lstr7_MyProject
0x03D9      [17]    ?ICS?lstr6_MyProject
0x03EA       [7]    ?ICS_given_password
0x03F1      [11]    ?ICS?lstr9_MyProject
0x03FC      [11]    ?ICS?lstr2_MyProject
0x0407       [7]    ?ICS_actual_password
0x040E      [18]    ?ICS?lstr3_MyProject
0x0420      [13]    ?ICS?lstr1_MyProject
0x042D      [14]    ?ICS?lstr5_MyProject
0x043B      [11]    ?ICS?lstr4_MyProject
0x0446      [19]    ?ICS?lstr8_MyProject
